<?xml version="1.0" encoding="UTF-8"?>
<testsuite xmlns:xsi="http://www.w3.org/2001/XMLSchema-instance" xsi:noNamespaceSchemaLocation="https://maven.apache.org/surefire/maven-surefire-plugin/xsd/surefire-test-report-3.0.xsd" version="3.0" name="com.itheima.LogTest" time="0.075" tests="1" errors="0" skipped="0" failures="0">
  <properties>
[...]
</properties>
  <testcase name="testLog" classname="com.itheima.LogTest" time="0.02">
    <system-out><![CDATA[22:56:44.861 [main] INFO com.itheima.LogTest -- 计算开始
22:56:44.864 [main] ERROR com.itheima.LogTest -- 计算结果为: 101
22:56:44.864 [main] INFO com.itheima.LogTest -- 结束计算...
]]></system-out>
  </testcase>
</testsuite>